<?xml version="1.0" encoding="UTF-8"?>
<!-- Generated by org.testng.reporters.JUnitReportReporter -->
<testsuite hostname="MSI" failures="0" tests="1" name="com.automation.tests.EndToEndTest" time="13.761" errors="0" timestamp="2021-10-28T12:22:45 IST" skipped="0">
  <testcase classname="com.automation.tests.EndToEndTest" name="verifyUserCanPlaceOrder" time="13.761"/>
  <system-out/>
</testsuite> <!-- com.automation.tests.EndToEndTest -->
